<?xml version="1.0" encoding="UTF-8"?>
<testsuite xmlns:xsi="http://www.w3.org/2001/XMLSchema-instance" xsi:noNamespaceSchemaLocation="https://maven.apache.org/surefire/maven-surefire-plugin/xsd/surefire-test-report.xsd" name="com.example.lab01.controller.web.CustomerControllerTest" time="3.074" tests="10" errors="3" skipped="0" failures="0">
  <properties>
[...]
</properties>
  <testcase name="doPostAsync_ok" classname="com.example.lab01.controller.web.CustomerControllerTest" time="0.166">
    <error message="Request processing failed; nested exception is java.lang.NullPointerException" type="org.springframework.web.util.NestedServletException">org.springframework.web.util.NestedServletException: Request processing failed; nested exception is java.lang.NullPointerException
	at com.example.lab01.controller.web.CustomerControllerTest.doPostAsync_ok(CustomerControllerTest.java:205)
Caused by: java.lang.NullPointerException
	at com.example.lab01.controller.web.CustomerControllerTest.doPostAsync_ok(CustomerControllerTest.java:205)
</error>
    <system-out><![CDATA[02:22:58.938 [main] DEBUG org.springframework.test.context.BootstrapUtils - Instantiating CacheAwareContextLoaderDelegate from class [org.springframework.test.context.cache.DefaultCacheAwareContextLoaderDelegate]
02:22:58.958 [main] DEBUG org.springframework.test.context.BootstrapUtils - Instantiating BootstrapContext using constructor [public org.springframework.test.context.support.DefaultBootstrapContext(java.lang.Class,org.springframework.test.context.CacheAwareContextLoaderDelegate)]
02:22:58.998 [main] DEBUG org.springframework.test.context.BootstrapUtils - Instantiating TestContextBootstrapper for test class [com.example.lab01.controller.web.CustomerControllerTest] from class [org.springframework.boot.test.autoconfigure.web.servlet.WebMvcTestContextBootstrapper]
02:22:59.030 [main] DEBUG org.springframework.test.context.support.AbstractContextLoader - Did not detect default resource location for test class [com.example.lab01.controller.web.CustomerControllerTest]: class path resource [com/example/lab01/controller/web/CustomerControllerTest-context.xml] does not exist
02:22:59.031 [main] DEBUG org.springframework.test.context.support.AbstractContextLoader - Did not detect default resource location for test class [com.example.lab01.controller.web.CustomerControllerTest]: class path resource [com/example/lab01/controller/web/CustomerControllerTestContext.groovy] does not exist
02:22:59.031 [main] INFO org.springframework.test.context.support.AbstractContextLoader - Could not detect default resource locations for test class [com.example.lab01.controller.web.CustomerControllerTest]: no resource found for suffixes {-context.xml, Context.groovy}.
02:22:59.110 [main] DEBUG org.springframework.test.context.support.ActiveProfilesUtils - Could not find an 'annotation declaring class' for annotation type [org.springframework.test.context.ActiveProfiles] and class [com.example.lab01.controller.web.CustomerControllerTest]
02:22:59.112 [main] DEBUG org.springframework.boot.test.autoconfigure.web.servlet.WebMvcTestContextBootstrapper - @TestExecutionListeners is not present for class [com.example.lab01.controller.web.CustomerControllerTest]: using defaults.
02:22:59.113 [main] INFO org.springframework.boot.test.autoconfigure.web.servlet.WebMvcTestContextBootstrapper - Loaded default TestExecutionListener class names from location [META-INF/spring.factories]: [org.springframework.boot.test.mock.mockito.MockitoTestExecutionListener, org.springframework.boot.test.mock.mockito.ResetMocksTestExecutionListener, org.springframework.boot.test.autoconfigure.restdocs.RestDocsTestExecutionListener, org.springframework.boot.test.autoconfigure.web.client.MockRestServiceServerResetTestExecutionListener, org.springframework.boot.test.autoconfigure.web.servlet.MockMvcPrintOnlyOnFailureTestExecutionListener, org.springframework.boot.test.autoconfigure.web.servlet.WebDriverTestExecutionListener, org.springframework.test.context.web.ServletTestExecutionListener, org.springframework.test.context.support.DirtiesContextBeforeModesTestExecutionListener, org.springframework.test.context.support.DependencyInjectionTestExecutionListener, org.springframework.test.context.support.DirtiesContextTestExecutionListener, org.springframework.test.context.transaction.TransactionalTestExecutionListener, org.springframework.test.context.jdbc.SqlScriptsTestExecutionListener, org.springframework.test.context.event.EventPublishingTestExecutionListener]
02:22:59.137 [main] INFO org.springframework.boot.test.autoconfigure.web.servlet.WebMvcTestContextBootstrapper - Using TestExecutionListeners: [org.springframework.test.context.web.ServletTestExecutionListener@55493582, org.springframework.test.context.support.DirtiesContextBeforeModesTestExecutionListener@1a20270e, org.springframework.boot.test.mock.mockito.MockitoTestExecutionListener@6b88ca8c, org.springframework.boot.test.autoconfigure.SpringBootDependencyInjectionTestExecutionListener@336f1079, org.springframework.test.context.support.DirtiesContextTestExecutionListener@2f16c6b3, org.springframework.test.context.transaction.TransactionalTestExecutionListener@34158c08, org.springframework.test.context.jdbc.SqlScriptsTestExecutionListener@19e4fcac, org.springframework.test.context.event.EventPublishingTestExecutionListener@52c3cb31, org.springframework.boot.test.mock.mockito.ResetMocksTestExecutionListener@4b79ac84, org.springframework.boot.test.autoconfigure.restdocs.RestDocsTestExecutionListener@53941c2f, org.springframework.boot.test.autoconfigure.web.client.MockRestServiceServerResetTestExecutionListener@6dab9b6d, org.springframework.boot.test.autoconfigure.web.servlet.MockMvcPrintOnlyOnFailureTestExecutionListener@21fd5faa, org.springframework.boot.test.autoconfigure.web.servlet.WebDriverTestExecutionListener@2766ca9d]
02:22:59.141 [main] DEBUG org.springframework.test.context.support.AbstractDirtiesContextTestExecutionListener - Before test class: context [DefaultTestContext@19b93fa8 testClass = CustomerControllerTest, testInstance = [null], testMethod = [null], testException = [null], mergedContextConfiguration = [WebMergedContextConfiguration@7e6ef134 testClass = CustomerControllerTest, locations = '{}', classes = '{class com.example.lab01.controller.web.CustomerControllerTest$Configuration}', contextInitializerClasses = '[]', activeProfiles = '{}', propertySourceLocations = '{}', propertySourceProperties = '{org.springframework.boot.test.autoconfigure.web.servlet.WebMvcTestContextBootstrapper=true}', contextCustomizers = set[[ImportsContextCustomizer@1f010bf0 key = [org.springframework.boot.autoconfigure.cache.CacheAutoConfiguration, org.springframework.boot.autoconfigure.context.MessageSourceAutoConfiguration, org.springframework.boot.autoconfigure.data.web.SpringDataWebAutoConfiguration, org.springframework.boot.autoconfigure.freemarker.FreeMarkerAutoConfiguration, org.springframework.boot.autoconfigure.groovy.template.GroovyTemplateAutoConfiguration, org.springframework.boot.autoconfigure.gson.GsonAutoConfiguration, org.springframework.boot.autoconfigure.hateoas.HypermediaAutoConfiguration, org.springframework.boot.autoconfigure.http.HttpMessageConvertersAutoConfiguration, org.springframework.boot.autoconfigure.jackson.JacksonAutoConfiguration, org.springframework.boot.autoconfigure.jsonb.JsonbAutoConfiguration, org.springframework.boot.autoconfigure.mustache.MustacheAutoConfiguration, org.springframework.boot.autoconfigure.task.TaskExecutionAutoConfiguration, org.springframework.boot.autoconfigure.thymeleaf.ThymeleafAutoConfiguration, org.springframework.boot.autoconfigure.validation.ValidationAutoConfiguration, org.springframework.boot.autoconfigure.web.servlet.error.ErrorMvcAutoConfiguration, org.springframework.boot.autoconfigure.web.servlet.WebMvcAutoConfiguration, org.springframework.boot.test.autoconfigure.web.servlet.MockMvcAutoConfiguration, org.springframework.boot.test.autoconfigure.web.servlet.MockMvcWebClientAutoConfiguration, org.springframework.boot.test.autoconfigure.web.servlet.MockMvcWebDriverAutoConfiguration, org.springframework.boot.autoconfigure.security.servlet.SecurityAutoConfiguration, org.springframework.boot.autoconfigure.security.servlet.UserDetailsServiceAutoConfiguration, org.springframework.boot.test.autoconfigure.web.servlet.MockMvcSecurityConfiguration]], org.springframework.boot.test.context.filter.ExcludeFilterContextCustomizer@7fbdb894, org.springframework.boot.test.json.DuplicateJsonObjectContextCustomizerFactory$DuplicateJsonObjectContextCustomizer@6e005dc9, org.springframework.boot.test.mock.mockito.MockitoContextCustomizer@ae9bee66, org.springframework.boot.test.autoconfigure.OverrideAutoConfigurationContextCustomizerFactory$DisableAutoConfigurationContextCustomizer@1e44b638, org.springframework.boot.test.autoconfigure.filter.TypeExcludeFiltersContextCustomizer@f4028ed9, org.springframework.boot.test.autoconfigure.properties.PropertyMappingContextCustomizer@f2ebe090, org.springframework.boot.test.autoconfigure.web.servlet.WebDriverContextCustomizerFactory$Customizer@146dfe6], resourceBasePath = 'src/main/webapp', contextLoader = 'org.springframework.boot.test.context.SpringBootContextLoader', parent = [null]], attributes = map[[empty]]], class annotated with @DirtiesContext [false] with mode [null].
02:22:59.292 [main] DEBUG org.springframework.test.context.support.TestPropertySourceUtils - Adding inlined properties to environment: {spring.jmx.enabled=false, org.springframework.boot.test.autoconfigure.web.servlet.WebMvcTestContextBootstrapper=true, server.port=-1}
2021-02-06 02:23:00.080  INFO 26400 --- [           main] trationDelegate$BeanPostProcessorChecker : Bean 'org.springframework.cloud.autoconfigure.ConfigurationPropertiesRebinderAutoConfiguration' of type [org.springframework.cloud.autoconfigure.ConfigurationPropertiesRebinderAutoConfiguration] is not eligible for getting processed by all BeanPostProcessors (for example: not eligible for auto-proxying)

  .   ____          _            __ _ _
 /\\ / ___'_ __ _ _(_)_ __  __ _ \ \ \ \
( ( )\___ | '_ | '_| | '_ \/ _` | \ \ \ \
 \\/  ___)| |_)| | | | | || (_| |  ) ) ) )
  '  |____| .__|_| |_|_| |_\__, | / / / /
 =========|_|==============|___/=/_/_/_/
 :: Spring Boot ::        (v2.2.1.RELEASE)

2021-02-06 02:23:00.236  WARN 26400 --- [           main] c.c.c.ConfigServicePropertySourceLocator : Could not locate PropertySource: Invalid URL: ''
2021-02-06 02:23:00.247  INFO 26400 --- [           main] c.e.l.c.web.CustomerControllerTest       : No active profile set, falling back to default profiles: default
2021-02-06 02:23:01.296  INFO 26400 --- [           main] o.s.s.concurrent.ThreadPoolTaskExecutor  : Initializing ExecutorService 'applicationTaskExecutor'
2021-02-06 02:23:01.553  INFO 26400 --- [           main] o.s.b.t.m.w.SpringBootMockServletContext : Initializing Spring TestDispatcherServlet ''
2021-02-06 02:23:01.553  INFO 26400 --- [           main] o.s.t.web.servlet.TestDispatcherServlet  : Initializing Servlet ''
2021-02-06 02:23:01.564  INFO 26400 --- [           main] o.s.t.web.servlet.TestDispatcherServlet  : Completed initialization in 11 ms
2021-02-06 02:23:01.586  INFO 26400 --- [           main] c.e.l.c.web.CustomerControllerTest       : Started CustomerControllerTest in 2.281 seconds (JVM running for 3.458)
]]></system-out>
  </testcase>
  <testcase name="doPostSync_ok" classname="com.example.lab01.controller.web.CustomerControllerTest" time="0.029"/>
  <testcase name="doDeleteAsync_Error_NotFound" classname="com.example.lab01.controller.web.CustomerControllerTest" time="0.008"/>
  <testcase name="doPutSync_ok" classname="com.example.lab01.controller.web.CustomerControllerTest" time="0.007"/>
  <testcase name="doGet_error" classname="com.example.lab01.controller.web.CustomerControllerTest" time="0.008"/>
  <testcase name="doPutAsync_ok" classname="com.example.lab01.controller.web.CustomerControllerTest" time="0.006">
    <error message="Request processing failed; nested exception is java.lang.NullPointerException" type="org.springframework.web.util.NestedServletException">org.springframework.web.util.NestedServletException: Request processing failed; nested exception is java.lang.NullPointerException
	at com.example.lab01.controller.web.CustomerControllerTest.doPutAsync_ok(CustomerControllerTest.java:269)
Caused by: java.lang.NullPointerException
	at com.example.lab01.controller.web.CustomerControllerTest.doPutAsync_ok(CustomerControllerTest.java:269)
</error>
  </testcase>
  <testcase name="doGet_ok" classname="com.example.lab01.controller.web.CustomerControllerTest" time="0.053"/>
  <testcase name="doDeleteAsync_ok" classname="com.example.lab01.controller.web.CustomerControllerTest" time="0.004">
    <error message="Request processing failed; nested exception is java.lang.NullPointerException" type="org.springframework.web.util.NestedServletException">org.springframework.web.util.NestedServletException: Request processing failed; nested exception is java.lang.NullPointerException
	at com.example.lab01.controller.web.CustomerControllerTest.doDeleteAsync_ok(CustomerControllerTest.java:296)
Caused by: java.lang.NullPointerException
	at com.example.lab01.controller.web.CustomerControllerTest.doDeleteAsync_ok(CustomerControllerTest.java:296)
</error>
  </testcase>
  <testcase name="doGetById_ok" classname="com.example.lab01.controller.web.CustomerControllerTest" time="0.005"/>
  <testcase name="doGetById_error404" classname="com.example.lab01.controller.web.CustomerControllerTest" time="0.005"/>
</testsuite>