<?xml version="1.0" encoding="UTF-8"?>
<testsuite xmlns:xsi="http://www.w3.org/2001/XMLSchema-instance" xsi:noNamespaceSchemaLocation="https://maven.apache.org/surefire/maven-surefire-plugin/xsd/surefire-test-report.xsd" name="com.example.lab01.service.CustomerServiceImplV2Test" time="0.111" tests="5" errors="0" skipped="0" failures="0">
  <properties>
[...]
</properties>
  <testcase name="upper_test" classname="com.example.lab01.service.CustomerServiceImplV2Test" time="0.05"/>
  <testcase name="getList_ok" classname="com.example.lab01.service.CustomerServiceImplV2Test" time="0.009"/>
  <testcase name="getById_ok" classname="com.example.lab01.service.CustomerServiceImplV2Test" time="0.003"/>
  <testcase name="save_inPanic_ok" classname="com.example.lab01.service.CustomerServiceImplV2Test" time="0.004"/>
  <testcase name="save_ok" classname="com.example.lab01.service.CustomerServiceImplV2Test" time="0.005"/>
</testsuite>